<?xml version="1.0" encoding="UTF-8"?>
<testng-results ignored="0" total="1" passed="1" failed="0" skipped="0">
  <reporter-output>
  </reporter-output>
  <suite started-at="2022-12-02T17:32:11Z" name="Default suite" finished-at="2022-12-02T17:33:27Z" duration-ms="76294">
    <groups>
    </groups>
    <test started-at="2022-12-02T17:32:11Z" name="Default test" finished-at="2022-12-02T17:33:27Z" duration-ms="76294">
      <class name="rahulShettyAcademy.ExtendReports.ExtentReportDemo">
        <test-method is-config="true" signature="config()[pri:0, instance:rahulShettyAcademy.ExtendReports.ExtentReportDemo@401f7633]" started-at="2022-12-02T17:32:11Z" name="config" finished-at="2022-12-02T17:32:11Z" duration-ms="642" status="PASS">
          <reporter-output>
          </reporter-output>
        </test-method> <!-- config -->
        <test-method signature="initialDemo()[pri:0, instance:rahulShettyAcademy.ExtendReports.ExtentReportDemo@401f7633]" started-at="2022-12-02T17:32:11Z" name="initialDemo" finished-at="2022-12-02T17:33:27Z" duration-ms="75594" status="PASS">
          <reporter-output>
          </reporter-output>
        </test-method> <!-- initialDemo -->
      </class> <!-- rahulShettyAcademy.ExtendReports.ExtentReportDemo -->
    </test> <!-- Default test -->
  </suite> <!-- Default suite -->
</testng-results>
